[debug] [2024-01-02T14:04:24.460Z] ----------------------------------------------------------------------
[debug] [2024-01-02T14:04:24.462Z] Command:       C:\Program Files\nodejs\node.exe C:\Users\39334\AppData\Roaming\npm\node_modules\firebase-tools\lib\bin\firebase.js init
[debug] [2024-01-02T14:04:24.462Z] CLI Version:   13.0.2
[debug] [2024-01-02T14:04:24.463Z] Platform:      win32
[debug] [2024-01-02T14:04:24.463Z] Node Version:  v18.18.0
[debug] [2024-01-02T14:04:24.464Z] Time:          Tue Jan 02 2024 15:04:24 GMT+0100 (Ora standard dell’Europa centrale)
[debug] [2024-01-02T14:04:24.464Z] ----------------------------------------------------------------------
[debug] 
[debug] [2024-01-02T14:04:24.534Z] > command requires scopes: ["email","openid","https://www.googleapis.com/auth/cloudplatformprojects.readonly","https://www.googleapis.com/auth/firebase","https://www.googleapis.com/auth/cloud-platform"]
[debug] [2024-01-02T14:04:24.534Z] > authorizing via signed-in user (tomines.1904918@studenti.uniroma1.it)
[info] 
     ######## #### ########  ######## ########     ###     ######  ########
     ##        ##  ##     ## ##       ##     ##  ##   ##  ##       ##
     ######    ##  ########  ######   ########  #########  ######  ######
     ##        ##  ##    ##  ##       ##     ## ##     ##       ## ##
     ##       #### ##     ## ######## ########  ##     ##  ######  ########

You're about to initialize a Firebase project in this directory:

  C:\Users\39334\Desktop\Step_Proj

Before we get started, keep in mind:

  * You are initializing within an existing Firebase project directory

